<?xml version="1.0" encoding="UTF-8"?>
<testng-results skipped="0" failed="0" total="2" passed="2">
  <reporter-output>
  </reporter-output>
  <suite name="Command line suite" duration-ms="24743" started-at="2020-02-12T07:39:19Z" finished-at="2020-02-12T07:39:44Z">
    <groups>
    </groups>
    <test name="Command line test" duration-ms="24743" started-at="2020-02-12T07:39:19Z" finished-at="2020-02-12T07:39:44Z">
      <class name="driverFactory.AppTest">
        <test-method status="PASS" signature="f()[pri:0, instance:driverFactory.AppTest@69d9c55]" name="f" duration-ms="14643" started-at="2020-02-12T13:09:19Z" finished-at="2020-02-12T13:09:34Z">
          <reporter-output>
          </reporter-output>
        </test-method> <!-- f -->
      </class> <!-- driverFactory.AppTest -->
      <class name="driverFactory.NewTest">
        <test-method status="PASS" signature="f()[pri:0, instance:driverFactory.NewTest@337d0578]" name="f" duration-ms="9920" started-at="2020-02-12T13:09:34Z" finished-at="2020-02-12T13:09:44Z">
          <reporter-output>
          </reporter-output>
        </test-method> <!-- f -->
      </class> <!-- driverFactory.NewTest -->
    </test> <!-- Command line test -->
  </suite> <!-- Command line suite -->
</testng-results>
