<?xml version="1.0" encoding="UTF-8"?>
<testng-results skipped="0" failed="0" total="1" passed="1">
  <reporter-output>
  </reporter-output>
  <suite name="Default suite" duration-ms="12292" started-at="2020-02-12T07:38:21Z" finished-at="2020-02-12T07:38:33Z">
    <groups>
    </groups>
    <test name="Default test" duration-ms="12292" started-at="2020-02-12T07:38:21Z" finished-at="2020-02-12T07:38:33Z">
      <class name="driverFactory.AppTest">
        <test-method status="PASS" signature="f()[pri:0, instance:driverFactory.AppTest@6500df86]" name="f" duration-ms="12273" started-at="2020-02-12T13:08:21Z" finished-at="2020-02-12T13:08:33Z">
          <reporter-output>
          </reporter-output>
        </test-method> <!-- f -->
      </class> <!-- driverFactory.AppTest -->
    </test> <!-- Default test -->
  </suite> <!-- Default suite -->
</testng-results>
